<?xml version="1.0" encoding="UTF-8"?><testrun name="PlayerServiceControllerTest" project="player-service" tests="4" started="4" failures="1" errors="0" ignored="0">
  <testsuite name="com.mab2.playerservice.PlayerServiceControllerTest" time="0.279">
    <testcase name="test_retrievePlayer_returnsExistingPlayerAs200" classname="com.mab2.playerservice.PlayerServiceControllerTest" time="0.25">
      <failure>java.lang.AssertionError: No value at JSON path "$[0].id"
	at org.springframework.test.util.JsonPathExpectationsHelper.evaluateJsonPath(JsonPathExpectationsHelper.java:295)
	at org.springframework.test.util.JsonPathExpectationsHelper.assertValue(JsonPathExpectationsHelper.java:72)
	at org.springframework.test.web.servlet.result.JsonPathResultMatchers.lambda$value$0(JsonPathResultMatchers.java:87)
	at org.springframework.test.web.servlet.MockMvc$1.andExpect(MockMvc.java:195)
	at com.mab2.playerservice.PlayerServiceControllerTest.test_retrievePlayer_returnsExistingPlayerAs200(PlayerServiceControllerTest.java:73)
	at java.base/jdk.internal.reflect.NativeMethodAccessorImpl.invoke0(Native Method)
	at java.base/jdk.internal.reflect.NativeMethodAccessorImpl.invoke(NativeMethodAccessorImpl.java:62)
	at java.base/jdk.internal.reflect.DelegatingMethodAccessorImpl.invoke(DelegatingMethodAccessorImpl.java:43)
	at java.base/java.lang.reflect.Method.invoke(Method.java:566)
	at org.junit.runners.model.FrameworkMethod$1.runReflectiveCall(FrameworkMethod.java:50)
	at org.junit.internal.runners.model.ReflectiveCallable.run(ReflectiveCallable.java:12)
	at org.junit.runners.model.FrameworkMethod.invokeExplosively(FrameworkMethod.java:47)
	at org.junit.internal.runners.statements.InvokeMethod.evaluate(InvokeMethod.java:17)
	at org.springframework.test.context.junit4.statements.RunBeforeTestExecutionCallbacks.evaluate(RunBeforeTestExecutionCallbacks.java:74)
	at org.springframework.test.context.junit4.statements.RunAfterTestExecutionCallbacks.evaluate(RunAfterTestExecutionCallbacks.java:84)
	at org.springframework.test.context.junit4.statements.RunBeforeTestMethodCallbacks.evaluate(RunBeforeTestMethodCallbacks.java:75)
	at org.springframework.test.context.junit4.statements.RunAfterTestMethodCallbacks.evaluate(RunAfterTestMethodCallbacks.java:86)
	at org.springframework.test.context.junit4.statements.SpringRepeat.evaluate(SpringRepeat.java:84)
	at org.junit.runners.ParentRunner.runLeaf(ParentRunner.java:325)
	at org.springframework.test.context.junit4.SpringJUnit4ClassRunner.runChild(SpringJUnit4ClassRunner.java:251)
	at org.springframework.test.context.junit4.SpringJUnit4ClassRunner.runChild(SpringJUnit4ClassRunner.java:97)
	at org.junit.runners.ParentRunner$3.run(ParentRunner.java:290)
	at org.junit.runners.ParentRunner$1.schedule(ParentRunner.java:71)
	at org.junit.runners.ParentRunner.runChildren(ParentRunner.java:288)
	at org.junit.runners.ParentRunner.access$000(ParentRunner.java:58)
	at org.junit.runners.ParentRunner$2.evaluate(ParentRunner.java:268)
	at org.springframework.test.context.junit4.statements.RunBeforeTestClassCallbacks.evaluate(RunBeforeTestClassCallbacks.java:61)
	at org.springframework.test.context.junit4.statements.RunAfterTestClassCallbacks.evaluate(RunAfterTestClassCallbacks.java:70)
	at org.junit.runners.ParentRunner.run(ParentRunner.java:363)
	at org.springframework.test.context.junit4.SpringJUnit4ClassRunner.run(SpringJUnit4ClassRunner.java:190)
	at org.eclipse.jdt.internal.junit4.runner.JUnit4TestReference.run(JUnit4TestReference.java:89)
	at org.eclipse.jdt.internal.junit.runner.TestExecution.run(TestExecution.java:41)
	at org.eclipse.jdt.internal.junit.runner.RemoteTestRunner.runTests(RemoteTestRunner.java:541)
	at org.eclipse.jdt.internal.junit.runner.RemoteTestRunner.runTests(RemoteTestRunner.java:763)
	at org.eclipse.jdt.internal.junit.runner.RemoteTestRunner.run(RemoteTestRunner.java:463)
	at org.eclipse.jdt.internal.junit.runner.RemoteTestRunner.main(RemoteTestRunner.java:209)
Caused by: com.jayway.jsonpath.PathNotFoundException: Filter: [0]['id'] can only be applied to arrays. Current context is: {id=1, name=Name, created=2019-04-12T15:09:25.946+0000, _links={all-players={href=http://localhost/player}}}
	at com.jayway.jsonpath.internal.path.ArrayPathToken.checkArrayModel(ArrayPathToken.java:184)
	at com.jayway.jsonpath.internal.path.ArrayPathToken.evaluate(ArrayPathToken.java:47)
	at com.jayway.jsonpath.internal.path.RootPathToken.evaluate(RootPathToken.java:62)
	at com.jayway.jsonpath.internal.path.CompiledPath.evaluate(CompiledPath.java:53)
	at com.jayway.jsonpath.internal.path.CompiledPath.evaluate(CompiledPath.java:61)
	at com.jayway.jsonpath.JsonPath.read(JsonPath.java:187)
	at com.jayway.jsonpath.JsonPath.read(JsonPath.java:345)
	at com.jayway.jsonpath.JsonPath.read(JsonPath.java:329)
	at org.springframework.test.util.JsonPathExpectationsHelper.evaluateJsonPath(JsonPathExpectationsHelper.java:292)
	... 35 more

</failure>
    </testcase>
    <testcase name="test_retrieveAllPlayers_returnsPopulatedListAs200" classname="com.mab2.playerservice.PlayerServiceControllerTest" time="0.015"/>
    <testcase name="test_retrieveAllPlayers_returnsEmptyListAs200" classname="com.mab2.playerservice.PlayerServiceControllerTest" time="0.006"/>
    <testcase name="test_retrieveAllPlayers_returnsPlayersNames" classname="com.mab2.playerservice.PlayerServiceControllerTest" time="0.007"/>
  </testsuite>
</testrun>
